<?xml version="1.0" encoding="UTF-8"?>
<!-- Generated by org.testng.reporters.JUnitReportReporter -->
<testsuite skipped="0" hostname="LAPTOP-M53IEF0T" name="runner.TestNGRunner" tests="6" failures="0" timestamp="07 Apr 2019 06:27:54 GMT" time="0.275" errors="0">
  <testcase name="runScenario" time="0.001" classname="runner.TestNGRunner"/>
  <testcase name="runScenario" time="0.016" classname="runner.TestNGRunner"/>
  <testcase name="runScenario" time="0.236" classname="runner.TestNGRunner"/>
  <testcase name="runScenario" time="0.008" classname="runner.TestNGRunner"/>
  <testcase name="runScenario" time="0.011" classname="runner.TestNGRunner"/>
  <testcase name="runScenario" time="0.003" classname="runner.TestNGRunner"/>
</testsuite> <!-- runner.TestNGRunner -->
