<?xml version="1.0" encoding="UTF-8"?>
<!-- Generated by org.testng.reporters.JUnitReportReporter -->
<testsuite skipped="0" hostname="LAPTOP-M53IEF0T" name="runner.TestNGRunner" tests="6" failures="0" timestamp="24 Mar 2019 06:47:44 GMT" time="0.325" errors="0">
  <testcase name="runScenario" time="0.008" classname="runner.TestNGRunner"/>
  <testcase name="runScenario" time="0.008" classname="runner.TestNGRunner"/>
  <testcase name="runScenario" time="0.289" classname="runner.TestNGRunner"/>
  <testcase name="runScenario" time="0.005" classname="runner.TestNGRunner"/>
  <testcase name="runScenario" time="0.011" classname="runner.TestNGRunner"/>
  <testcase name="runScenario" time="0.004" classname="runner.TestNGRunner"/>
</testsuite> <!-- runner.TestNGRunner -->
