<?xml version="1.0" encoding="UTF-8"?>
<!-- Generated by org.testng.reporters.JUnitReportReporter -->
<testsuite skipped="0" hostname="LAPTOP-M53IEF0T" name="runner.TestNGRunner" tests="3" failures="0" timestamp="09 Jun 2019 17:10:31 GMT" time="0.255" errors="0">
  <testcase name="runScenario" time="0.008" classname="runner.TestNGRunner"/>
  <testcase name="runScenario" time="0.239" classname="runner.TestNGRunner"/>
  <testcase name="runScenario" time="0.008" classname="runner.TestNGRunner"/>
</testsuite> <!-- runner.TestNGRunner -->
